==20884== Memcheck, a memory error detector
==20884== Copyright (C) 2002-2017, and GNU GPL'd, by Julian Seward et al.
==20884== Using Valgrind-3.13.0 and LibVEX; rerun with -h for copyright info
==20884== Command: /rhome/b/bsuljic1/workspace/TP/T1/Z1/.runme
==20884== Parent PID: 20877
==20884== 
==20884== 
==20884== Process terminating with default action of signal 1 (SIGHUP)
==20884==    at 0x54D7081: read (read.c:27)
==20884==    by 0x5454147: _IO_file_underflow@@GLIBC_2.2.5 (fileops.c:531)
==20884==    by 0x54553F1: _IO_default_uflow (genops.c:380)
==20884==    by 0x512B89C: __gnu_cxx::stdio_sync_filebuf<char, std::char_traits<char> >::underflow() (in /usr/lib/x86_64-linux-gnu/libstdc++.so.6.0.25)
==20884==    by 0x5139679: std::istream::sentry::sentry(std::istream&, bool) (in /usr/lib/x86_64-linux-gnu/libstdc++.so.6.0.25)
==20884==    by 0x51398AD: std::istream::operator>>(int&) (in /usr/lib/x86_64-linux-gnu/libstdc++.so.6.0.25)
==20884==    by 0x1089C6: main (main.cpp:12)
==20884== 
==20884== HEAP SUMMARY:
==20884==     in use at exit: 0 bytes in 0 blocks
==20884==   total heap usage: 2 allocs, 2 frees, 73,728 bytes allocated
==20884== 
==20884== All heap blocks were freed -- no leaks are possible
==20884== 
==20884== For counts of detected and suppressed errors, rerun with: -v
==20884== ERROR SUMMARY: 0 errors from 0 contexts (suppressed: 0 from 0)
