==26144== Memcheck, a memory error detector
==26144== Copyright (C) 2002-2017, and GNU GPL'd, by Julian Seward et al.
==26144== Using Valgrind-3.13.0 and LibVEX; rerun with -h for copyright info
==26144== Command: /rhome/b/bsuljic1/workspace/TP/T2/Z2/.runme
==26144== Parent PID: 26116
==26144== 
==26144== 
==26144== Process terminating with default action of signal 1 (SIGHUP)
==26144==    at 0x56EF081: read (read.c:27)
==26144==    by 0x566C147: _IO_file_underflow@@GLIBC_2.2.5 (fileops.c:531)
==26144==    by 0x566D3F1: _IO_default_uflow (genops.c:380)
==26144==    by 0x512B95C: __gnu_cxx::stdio_sync_filebuf<char, std::char_traits<char> >::underflow() (in /usr/lib/x86_64-linux-gnu/libstdc++.so.6.0.25)
==26144==    by 0x5139739: std::istream::sentry::sentry(std::istream&, bool) (in /usr/lib/x86_64-linux-gnu/libstdc++.so.6.0.25)
==26144==    by 0x513BCCD: std::istream& std::istream::_M_extract<double>(double&) (in /usr/lib/x86_64-linux-gnu/libstdc++.so.6.0.25)
==26144==    by 0x108EE2: main (main.cpp:34)
==26144== 
==26144== HEAP SUMMARY:
==26144==     in use at exit: 0 bytes in 0 blocks
==26144==   total heap usage: 2 allocs, 2 frees, 73,728 bytes allocated
==26144== 
==26144== All heap blocks were freed -- no leaks are possible
==26144== 
==26144== For counts of detected and suppressed errors, rerun with: -v
==26144== ERROR SUMMARY: 0 errors from 0 contexts (suppressed: 0 from 0)
