==18048== Memcheck, a memory error detector
==18048== Copyright (C) 2002-2017, and GNU GPL'd, by Julian Seward et al.
==18048== Using Valgrind-3.13.0 and LibVEX; rerun with -h for copyright info
==18048== Command: /rhome/b/bsuljic1/workspace/TP/Z4/Z4/.runme
==18048== Parent PID: 18038
==18048== 
==18048== 
==18048== Process terminating with default action of signal 15 (SIGTERM)
==18048==    at 0x56EF081: read (read.c:27)
==18048==    by 0x566C147: _IO_file_underflow@@GLIBC_2.2.5 (fileops.c:531)
==18048==    by 0x566D3F1: _IO_default_uflow (genops.c:380)
==18048==    by 0x512B93C: __gnu_cxx::stdio_sync_filebuf<char, std::char_traits<char> >::uflow() (in /usr/lib/x86_64-linux-gnu/libstdc++.so.6.0.25)
==18048==    by 0x5139C85: std::istream::get() (in /usr/lib/x86_64-linux-gnu/libstdc++.so.6.0.25)
==18048==    by 0x10A615: main (main.cpp:276)
==18048== 
==18048== HEAP SUMMARY:
==18048==     in use at exit: 0 bytes in 0 blocks
==18048==   total heap usage: 2 allocs, 2 frees, 73,728 bytes allocated
==18048== 
==18048== All heap blocks were freed -- no leaks are possible
==18048== 
==18048== For counts of detected and suppressed errors, rerun with: -v
==18048== ERROR SUMMARY: 0 errors from 0 contexts (suppressed: 0 from 0)
