==20515== Memcheck, a memory error detector
==20515== Copyright (C) 2002-2017, and GNU GPL'd, by Julian Seward et al.
==20515== Using Valgrind-3.13.0 and LibVEX; rerun with -h for copyright info
==20515== Command: /rhome/b/bsuljic1/workspace/TP/T4/Z5/.runme
==20515== Parent PID: 20434
==20515== 
==20515== 
==20515== Process terminating with default action of signal 15 (SIGTERM)
==20515==    at 0x56EF081: read (read.c:27)
==20515==    by 0x566C147: _IO_file_underflow@@GLIBC_2.2.5 (fileops.c:531)
==20515==    by 0x566D3F1: _IO_default_uflow (genops.c:380)
==20515==    by 0x512B95C: __gnu_cxx::stdio_sync_filebuf<char, std::char_traits<char> >::underflow() (in /usr/lib/x86_64-linux-gnu/libstdc++.so.6.0.25)
==20515==    by 0x5139739: std::istream::sentry::sentry(std::istream&, bool) (in /usr/lib/x86_64-linux-gnu/libstdc++.so.6.0.25)
==20515==    by 0x513996D: std::istream::operator>>(int&) (in /usr/lib/x86_64-linux-gnu/libstdc++.so.6.0.25)
==20515==    by 0x1093FC: main (main.cpp:37)
==20515== 
==20515== HEAP SUMMARY:
==20515==     in use at exit: 0 bytes in 0 blocks
==20515==   total heap usage: 2 allocs, 2 frees, 73,728 bytes allocated
==20515== 
==20515== All heap blocks were freed -- no leaks are possible
==20515== 
==20515== For counts of detected and suppressed errors, rerun with: -v
==20515== ERROR SUMMARY: 0 errors from 0 contexts (suppressed: 0 from 0)
