==21163== Memcheck, a memory error detector
==21163== Copyright (C) 2002-2017, and GNU GPL'd, by Julian Seward et al.
==21163== Using Valgrind-3.13.0 and LibVEX; rerun with -h for copyright info
==21163== Command: /rhome/b/bsuljic1/workspace/TP/T5/Z4/.runme
==21163== Parent PID: 21137
==21163== 
==21163== 
==21163== Process terminating with default action of signal 1 (SIGHUP)
==21163==    at 0x5A8D081: read (read.c:27)
==21163==    by 0x5A0A147: _IO_file_underflow@@GLIBC_2.2.5 (fileops.c:531)
==21163==    by 0x5A0B3F1: _IO_default_uflow (genops.c:380)
==21163==    by 0x512B95C: __gnu_cxx::stdio_sync_filebuf<char, std::char_traits<char> >::underflow() (in /usr/lib/x86_64-linux-gnu/libstdc++.so.6.0.25)
==21163==    by 0x5139739: std::istream::sentry::sentry(std::istream&, bool) (in /usr/lib/x86_64-linux-gnu/libstdc++.so.6.0.25)
==21163==    by 0x513996D: std::istream::operator>>(int&) (in /usr/lib/x86_64-linux-gnu/libstdc++.so.6.0.25)
==21163==    by 0x108F4A: main (main.cpp:24)
==21163== 
==21163== HEAP SUMMARY:
==21163==     in use at exit: 0 bytes in 0 blocks
==21163==   total heap usage: 2 allocs, 2 frees, 73,728 bytes allocated
==21163== 
==21163== All heap blocks were freed -- no leaks are possible
==21163== 
==21163== For counts of detected and suppressed errors, rerun with: -v
==21163== ERROR SUMMARY: 0 errors from 0 contexts (suppressed: 0 from 0)
