==24271== Memcheck, a memory error detector
==24271== Copyright (C) 2002-2017, and GNU GPL'd, by Julian Seward et al.
==24271== Using Valgrind-3.13.0 and LibVEX; rerun with -h for copyright info
==24271== Command: /rhome/b/bsuljic1/workspace/TP/T6/Z1/.runme
==24271== Parent PID: 24264
==24271== 
==24271== 
==24271== Process terminating with default action of signal 15 (SIGTERM)
==24271==    at 0x5A8D081: read (read.c:27)
==24271==    by 0x5A0A147: _IO_file_underflow@@GLIBC_2.2.5 (fileops.c:531)
==24271==    by 0x5A0B3F1: _IO_default_uflow (genops.c:380)
==24271==    by 0x512B95C: __gnu_cxx::stdio_sync_filebuf<char, std::char_traits<char> >::underflow() (in /usr/lib/x86_64-linux-gnu/libstdc++.so.6.0.25)
==24271==    by 0x5139739: std::istream::sentry::sentry(std::istream&, bool) (in /usr/lib/x86_64-linux-gnu/libstdc++.so.6.0.25)
==24271==    by 0x513996D: std::istream::operator>>(int&) (in /usr/lib/x86_64-linux-gnu/libstdc++.so.6.0.25)
==24271==    by 0x1096B7: main (main.cpp:52)
==24271== 
==24271== HEAP SUMMARY:
==24271==     in use at exit: 0 bytes in 0 blocks
==24271==   total heap usage: 3 allocs, 3 frees, 335,872 bytes allocated
==24271== 
==24271== All heap blocks were freed -- no leaks are possible
==24271== 
==24271== For counts of detected and suppressed errors, rerun with: -v
==24271== ERROR SUMMARY: 0 errors from 0 contexts (suppressed: 0 from 0)
