==18214== Memcheck, a memory error detector
==18214== Copyright (C) 2002-2017, and GNU GPL'd, by Julian Seward et al.
==18214== Using Valgrind-3.13.0 and LibVEX; rerun with -h for copyright info
==18214== Command: /rhome/b/bsuljic1/workspace/TP/Z2/Z5/.runme
==18214== Parent PID: 18188
==18214== 
==18214== 
==18214== Process terminating with default action of signal 1 (SIGHUP)
==18214==    at 0x56EF081: read (read.c:27)
==18214==    by 0x566C147: _IO_file_underflow@@GLIBC_2.2.5 (fileops.c:531)
==18214==    by 0x566D3F1: _IO_default_uflow (genops.c:380)
==18214==    by 0x512B95C: __gnu_cxx::stdio_sync_filebuf<char, std::char_traits<char> >::underflow() (in /usr/lib/x86_64-linux-gnu/libstdc++.so.6.0.25)
==18214==    by 0x50E9F48: std::basic_istream<char, std::char_traits<char> >& std::getline<char, std::char_traits<char>, std::allocator<char> >(std::basic_istream<char, std::char_traits<char> >&, std::__cxx11::basic_string<char, std::char_traits<char>, std::allocator<char> >&, char) (in /usr/lib/x86_64-linux-gnu/libstdc++.so.6.0.25)
==18214==    by 0x1092F5: main (main.cpp:45)
==18214== 
==18214== HEAP SUMMARY:
==18214==     in use at exit: 0 bytes in 0 blocks
==18214==   total heap usage: 2 allocs, 2 frees, 73,728 bytes allocated
==18214== 
==18214== All heap blocks were freed -- no leaks are possible
==18214== 
==18214== For counts of detected and suppressed errors, rerun with: -v
==18214== ERROR SUMMARY: 0 errors from 0 contexts (suppressed: 0 from 0)
