==11116== Memcheck, a memory error detector
==11116== Copyright (C) 2002-2017, and GNU GPL'd, by Julian Seward et al.
==11116== Using Valgrind-3.13.0 and LibVEX; rerun with -h for copyright info
==11116== Command: /rhome/b/bsuljic1/workspace/TP/Z4/Z1/.runme
==11116== Parent PID: 11109
==11116== 
==11116== 
==11116== Process terminating with default action of signal 15 (SIGTERM)
==11116==    at 0x5A8D081: read (read.c:27)
==11116==    by 0x5A0A147: _IO_file_underflow@@GLIBC_2.2.5 (fileops.c:531)
==11116==    by 0x5A0B3F1: _IO_default_uflow (genops.c:380)
==11116==    by 0x512B95C: __gnu_cxx::stdio_sync_filebuf<char, std::char_traits<char> >::underflow() (in /usr/lib/x86_64-linux-gnu/libstdc++.so.6.0.25)
==11116==    by 0x5139739: std::istream::sentry::sentry(std::istream&, bool) (in /usr/lib/x86_64-linux-gnu/libstdc++.so.6.0.25)
==11116==    by 0x513996D: std::istream::operator>>(int&) (in /usr/lib/x86_64-linux-gnu/libstdc++.so.6.0.25)
==11116==    by 0x10A20A: main (main.cpp:187)
==11116== 
==11116== HEAP SUMMARY:
==11116==     in use at exit: 0 bytes in 0 blocks
==11116==   total heap usage: 2 allocs, 2 frees, 73,728 bytes allocated
==11116== 
==11116== All heap blocks were freed -- no leaks are possible
==11116== 
==11116== For counts of detected and suppressed errors, rerun with: -v
==11116== ERROR SUMMARY: 0 errors from 0 contexts (suppressed: 0 from 0)
