==29659== Memcheck, a memory error detector
==29659== Copyright (C) 2002-2017, and GNU GPL'd, by Julian Seward et al.
==29659== Using Valgrind-3.13.0 and LibVEX; rerun with -h for copyright info
==29659== Command: /rhome/b/bsuljic1/workspace/TP/T3/Z3/.runme
==29659== Parent PID: 29631
==29659== 
==29659== Conditional jump or move depends on uninitialised value(s)
==29659==    at 0x108FFC: main (main.cpp:33)
==29659== 
==29659== 
==29659== Process terminating with default action of signal 1 (SIGHUP)
==29659==    at 0x56EF152: write (write.c:27)
==29659==    by 0x566A1BC: _IO_file_write@@GLIBC_2.2.5 (fileops.c:1203)
==29659==    by 0x566AB2E: new_do_write (fileops.c:457)
==29659==    by 0x566AB2E: _IO_file_xsputn@@GLIBC_2.2.5 (fileops.c:1277)
==29659==    by 0x565E976: fwrite (iofwrite.c:39)
==29659==    by 0x5151E93: std::basic_ostream<char, std::char_traits<char> >& std::__ostream_insert<char, std::char_traits<char> >(std::basic_ostream<char, std::char_traits<char> >&, char const*, long) (in /usr/lib/x86_64-linux-gnu/libstdc++.so.6.0.25)
==29659==    by 0x5152206: std::basic_ostream<char, std::char_traits<char> >& std::operator<< <std::char_traits<char> >(std::basic_ostream<char, std::char_traits<char> >&, char const*) (in /usr/lib/x86_64-linux-gnu/libstdc++.so.6.0.25)
==29659==    by 0x10902D: main (main.cpp:38)
==29659== 
==29659== HEAP SUMMARY:
==29659==     in use at exit: 0 bytes in 0 blocks
==29659==   total heap usage: 2 allocs, 2 frees, 73,728 bytes allocated
==29659== 
==29659== All heap blocks were freed -- no leaks are possible
==29659== 
==29659== For counts of detected and suppressed errors, rerun with: -v
==29659== Use --track-origins=yes to see where uninitialised values come from
==29659== ERROR SUMMARY: 1 errors from 1 contexts (suppressed: 0 from 0)
