[New LWP 27131]
Core was generated by `'.
Program terminated with signal SIGXCPU, CPU time limit exceeded.
#0  0x00000000001095d2 in ?? ()
#0  0x00000000001095d2 in ?? ()
#1  0x00000000000000c8 in ?? ()
#2  0x0000000005d7ffb4 in ?? ()
#3  0x0000001fff000890 in ?? ()
#4  0x0000001fff000870 in ?? ()
#5  0x0000000005d7fca8 in ?? ()
#6  0x0000000005d7fc94 in ?? ()
#7  0x00000001ff000001 in ?? ()
#8  0x0000000005d7fc80 in ?? ()
#9  0x0000000005d7fc80 in ?? ()
#10 0x0000000005d7ffb0 in ?? ()
#11 0x0000000005d7fd70 in ?? ()
#12 0x0000000005d7fd70 in ?? ()
#13 0x0000000005d7ff70 in ?? ()
#14 0x0000000005d7fd08 in ?? ()
#15 0x0000000005d7ffb0 in ?? ()
#16 0x0000000005d7fd70 in ?? ()
#17 0x0000000005d7ff70 in ?? ()
#18 0x0000000005d7fd08 in ?? ()
#19 0x0000001fff000800 in ?? ()
#20 0xdea0ef709b1db800 in ?? ()
#21 0x0000000005d7fc80 in ?? ()
#22 0x0000000005d7fca8 in ?? ()
#23 0x0000001fff000940 in ?? ()
#24 0x0000000000108de1 in ?? ()
#25 0x0000001000000006 in ?? ()
#26 0xdea0ef709b1db800 in ?? ()
#27 0x0000000000000000 in ?? ()
