==25671== Memcheck, a memory error detector
==25671== Copyright (C) 2002-2017, and GNU GPL'd, by Julian Seward et al.
==25671== Using Valgrind-3.13.0 and LibVEX; rerun with -h for copyright info
==25671== Command: /rhome/b/bsuljic1/workspace/TP/Z2/Z3/.runme
==25671== Parent PID: 25642
==25671== 
==25671== 
==25671== Process terminating with default action of signal 15 (SIGTERM)
==25671==    at 0x56EF081: read (read.c:27)
==25671==    by 0x566C147: _IO_file_underflow@@GLIBC_2.2.5 (fileops.c:531)
==25671==    by 0x566D3F1: _IO_default_uflow (genops.c:380)
==25671==    by 0x512B95C: __gnu_cxx::stdio_sync_filebuf<char, std::char_traits<char> >::underflow() (in /usr/lib/x86_64-linux-gnu/libstdc++.so.6.0.25)
==25671==    by 0x5139739: std::istream::sentry::sentry(std::istream&, bool) (in /usr/lib/x86_64-linux-gnu/libstdc++.so.6.0.25)
==25671==    by 0x513996D: std::istream::operator>>(int&) (in /usr/lib/x86_64-linux-gnu/libstdc++.so.6.0.25)
==25671==    by 0x108D7F: main (main.cpp:86)
==25671== 
==25671== HEAP SUMMARY:
==25671==     in use at exit: 0 bytes in 0 blocks
==25671==   total heap usage: 2 allocs, 2 frees, 73,728 bytes allocated
==25671== 
==25671== All heap blocks were freed -- no leaks are possible
==25671== 
==25671== For counts of detected and suppressed errors, rerun with: -v
==25671== ERROR SUMMARY: 0 errors from 0 contexts (suppressed: 0 from 0)
