==19303== Memcheck, a memory error detector
==19303== Copyright (C) 2002-2017, and GNU GPL'd, by Julian Seward et al.
==19303== Using Valgrind-3.13.0 and LibVEX; rerun with -h for copyright info
==19303== Command: /rhome/b/bsuljic1/workspace/TP/T5/Z3/.runme
==19303== Parent PID: 19282
==19303== 
==19303== 
==19303== Process terminating with default action of signal 1 (SIGHUP)
==19303==    at 0x5875081: read (read.c:27)
==19303==    by 0x57F2147: _IO_file_underflow@@GLIBC_2.2.5 (fileops.c:531)
==19303==    by 0x57F33F1: _IO_default_uflow (genops.c:380)
==19303==    by 0x512B95C: __gnu_cxx::stdio_sync_filebuf<char, std::char_traits<char> >::underflow() (in /usr/lib/x86_64-linux-gnu/libstdc++.so.6.0.25)
==19303==    by 0x5139739: std::istream::sentry::sentry(std::istream&, bool) (in /usr/lib/x86_64-linux-gnu/libstdc++.so.6.0.25)
==19303==    by 0x513996D: std::istream::operator>>(int&) (in /usr/lib/x86_64-linux-gnu/libstdc++.so.6.0.25)
==19303==    by 0x108C70: main (main.cpp:39)
==19303== 
==19303== HEAP SUMMARY:
==19303==     in use at exit: 0 bytes in 0 blocks
==19303==   total heap usage: 2 allocs, 2 frees, 73,728 bytes allocated
==19303== 
==19303== All heap blocks were freed -- no leaks are possible
==19303== 
==19303== For counts of detected and suppressed errors, rerun with: -v
==19303== ERROR SUMMARY: 0 errors from 0 contexts (suppressed: 0 from 0)
