[New LWP 27931]
Core was generated by `'.
Program terminated with signal SIGXCPU, CPU time limit exceeded.
#0  0x000000000010a43c in ?? ()
#0  0x000000000010a43c in ?? ()
#1  0x0000001fff000820 in ?? ()
#2  0x0000001fff000820 in ?? ()
#3  0x0000001fff000880 in ?? ()
#4  0x0000000000109be3 in ?? ()
#5  0x0000001fff000800 in ?? ()
#6  0x000000020010bc66 in ?? ()
#7  0x0000001fff0008f0 in ?? ()
#8  0x0000001fff0008d0 in ?? ()
#9  0x0000000005d80100 in ?? ()
#10 0x0000000205d800c0 in ?? ()
#11 0x0000000200000000 in ?? ()
#12 0x0000000600a8418d in ?? ()
#13 0x0000000200000000 in ?? ()
#14 0x0000000500000001 in ?? ()
#15 0x0000001fff000820 in ?? ()
#16 0x0000001fff000820 in ?? ()
#17 0x0000001fff000820 in ?? ()
#18 0x0000001fff000820 in ?? ()
#19 0x0000000000000000 in ?? ()
