==24170== Memcheck, a memory error detector
==24170== Copyright (C) 2002-2017, and GNU GPL'd, by Julian Seward et al.
==24170== Using Valgrind-3.13.0 and LibVEX; rerun with -h for copyright info
==24170== Command: /rhome/b/bsuljic1/workspace/TP/T2/Z1/.runme
==24170== Parent PID: 24149
==24170== 
==24170== Conditional jump or move depends on uninitialised value(s)
==24170==    at 0x108E82: ProstiBrojeviUOpsegu(int, int) (main.cpp:20)
==24170==    by 0x108F7A: main (main.cpp:34)
==24170== 
==24170== Conditional jump or move depends on uninitialised value(s)
==24170==    at 0x108E97: ProstiBrojeviUOpsegu(int, int) (main.cpp:21)
==24170==    by 0x108F7A: main (main.cpp:34)
==24170== 
==24170== 
==24170== Process terminating with default action of signal 1 (SIGHUP)
==24170==    at 0x108E17: DaLiJeProst(int) (main.cpp:9)
==24170==    by 0x108EA9: ProstiBrojeviUOpsegu(int, int) (main.cpp:22)
==24170==    by 0x108F7A: main (main.cpp:34)
==24170== 
==24170== HEAP SUMMARY:
==24170==     in use at exit: 1,024 bytes in 1 blocks
==24170==   total heap usage: 11 allocs, 10 frees, 75,772 bytes allocated
==24170== 
==24170== LEAK SUMMARY:
==24170==    definitely lost: 0 bytes in 0 blocks
==24170==    indirectly lost: 0 bytes in 0 blocks
==24170==      possibly lost: 0 bytes in 0 blocks
==24170==    still reachable: 1,024 bytes in 1 blocks
==24170==         suppressed: 0 bytes in 0 blocks
==24170== Reachable blocks (those to which a pointer was found) are not shown.
==24170== To see them, rerun with: --leak-check=full --show-leak-kinds=all
==24170== 
==24170== For counts of detected and suppressed errors, rerun with: -v
==24170== Use --track-origins=yes to see where uninitialised values come from
==24170== ERROR SUMMARY: 825 errors from 2 contexts (suppressed: 0 from 0)
