==28290== Memcheck, a memory error detector
==28290== Copyright (C) 2002-2017, and GNU GPL'd, by Julian Seward et al.
==28290== Using Valgrind-3.13.0 and LibVEX; rerun with -h for copyright info
==28290== Command: /rhome/b/bsuljic1/workspace/TP/T2/Z4/.runme
==28290== Parent PID: 28269
==28290== 
==28290== 
==28290== Process terminating with default action of signal 1 (SIGHUP)
==28290==    at 0x56EF081: read (read.c:27)
==28290==    by 0x566C147: _IO_file_underflow@@GLIBC_2.2.5 (fileops.c:531)
==28290==    by 0x566D3F1: _IO_default_uflow (genops.c:380)
==28290==    by 0x512B95C: __gnu_cxx::stdio_sync_filebuf<char, std::char_traits<char> >::underflow() (in /usr/lib/x86_64-linux-gnu/libstdc++.so.6.0.25)
==28290==    by 0x5139739: std::istream::sentry::sentry(std::istream&, bool) (in /usr/lib/x86_64-linux-gnu/libstdc++.so.6.0.25)
==28290==    by 0x513996D: std::istream::operator>>(int&) (in /usr/lib/x86_64-linux-gnu/libstdc++.so.6.0.25)
==28290==    by 0x108B8B: main (main.cpp:12)
==28290== 
==28290== HEAP SUMMARY:
==28290==     in use at exit: 0 bytes in 0 blocks
==28290==   total heap usage: 2 allocs, 2 frees, 73,728 bytes allocated
==28290== 
==28290== All heap blocks were freed -- no leaks are possible
==28290== 
==28290== For counts of detected and suppressed errors, rerun with: -v
==28290== ERROR SUMMARY: 0 errors from 0 contexts (suppressed: 0 from 0)
