==30850== Memcheck, a memory error detector
==30850== Copyright (C) 2002-2017, and GNU GPL'd, by Julian Seward et al.
==30850== Using Valgrind-3.13.0 and LibVEX; rerun with -h for copyright info
==30850== Command: /rhome/b/bsuljic1/workspace/TP/T8/Z2/.runme
==30850== Parent PID: 30822
==30850== 
==30850== 
==30850== Process terminating with default action of signal 1 (SIGHUP)
==30850==    at 0x56EF081: read (read.c:27)
==30850==    by 0x566C147: _IO_file_underflow@@GLIBC_2.2.5 (fileops.c:531)
==30850==    by 0x566D3F1: _IO_default_uflow (genops.c:380)
==30850==    by 0x512B95C: __gnu_cxx::stdio_sync_filebuf<char, std::char_traits<char> >::underflow() (in /usr/lib/x86_64-linux-gnu/libstdc++.so.6.0.25)
==30850==    by 0x5139739: std::istream::sentry::sentry(std::istream&, bool) (in /usr/lib/x86_64-linux-gnu/libstdc++.so.6.0.25)
==30850==    by 0x513996D: std::istream::operator>>(int&) (in /usr/lib/x86_64-linux-gnu/libstdc++.so.6.0.25)
==30850==    by 0x1094C8: main (main.cpp:30)
==30850== 
==30850== HEAP SUMMARY:
==30850==     in use at exit: 0 bytes in 0 blocks
==30850==   total heap usage: 2 allocs, 2 frees, 73,728 bytes allocated
==30850== 
==30850== All heap blocks were freed -- no leaks are possible
==30850== 
==30850== For counts of detected and suppressed errors, rerun with: -v
==30850== ERROR SUMMARY: 0 errors from 0 contexts (suppressed: 0 from 0)
