==31073== Memcheck, a memory error detector
==31073== Copyright (C) 2002-2017, and GNU GPL'd, by Julian Seward et al.
==31073== Using Valgrind-3.13.0 and LibVEX; rerun with -h for copyright info
==31073== Command: /rhome/b/bsuljic1/workspace/TP/T3/Z4/.runme
==31073== Parent PID: 31051
==31073== 
==31073== 
==31073== Process terminating with default action of signal 1 (SIGHUP)
==31073==    at 0x56EF081: read (read.c:27)
==31073==    by 0x566C147: _IO_file_underflow@@GLIBC_2.2.5 (fileops.c:531)
==31073==    by 0x566D3F1: _IO_default_uflow (genops.c:380)
==31073==    by 0x512B95C: __gnu_cxx::stdio_sync_filebuf<char, std::char_traits<char> >::underflow() (in /usr/lib/x86_64-linux-gnu/libstdc++.so.6.0.25)
==31073==    by 0x5139739: std::istream::sentry::sentry(std::istream&, bool) (in /usr/lib/x86_64-linux-gnu/libstdc++.so.6.0.25)
==31073==    by 0x513996D: std::istream::operator>>(int&) (in /usr/lib/x86_64-linux-gnu/libstdc++.so.6.0.25)
==31073==    by 0x108FF3: main (main.cpp:32)
==31073== 
==31073== HEAP SUMMARY:
==31073==     in use at exit: 0 bytes in 0 blocks
==31073==   total heap usage: 2 allocs, 2 frees, 73,728 bytes allocated
==31073== 
==31073== All heap blocks were freed -- no leaks are possible
==31073== 
==31073== For counts of detected and suppressed errors, rerun with: -v
==31073== ERROR SUMMARY: 0 errors from 0 contexts (suppressed: 0 from 0)
