==25307== Memcheck, a memory error detector
==25307== Copyright (C) 2002-2017, and GNU GPL'd, by Julian Seward et al.
==25307== Using Valgrind-3.13.0 and LibVEX; rerun with -h for copyright info
==25307== Command: /rhome/b/bsuljic1/workspace/TP/T7/Z1/.runme
==25307== Parent PID: 25288
==25307== 
==25307== 
==25307== Process terminating with default action of signal 15 (SIGTERM)
==25307==    at 0x56EF081: read (read.c:27)
==25307==    by 0x566C147: _IO_file_underflow@@GLIBC_2.2.5 (fileops.c:531)
==25307==    by 0x566D3F1: _IO_default_uflow (genops.c:380)
==25307==    by 0x512B95C: __gnu_cxx::stdio_sync_filebuf<char, std::char_traits<char> >::underflow() (in /usr/lib/x86_64-linux-gnu/libstdc++.so.6.0.25)
==25307==    by 0x5139739: std::istream::sentry::sentry(std::istream&, bool) (in /usr/lib/x86_64-linux-gnu/libstdc++.so.6.0.25)
==25307==    by 0x513996D: std::istream::operator>>(int&) (in /usr/lib/x86_64-linux-gnu/libstdc++.so.6.0.25)
==25307==    by 0x108FBD: main (main.cpp:16)
==25307== 
==25307== HEAP SUMMARY:
==25307==     in use at exit: 0 bytes in 0 blocks
==25307==   total heap usage: 2 allocs, 2 frees, 73,728 bytes allocated
==25307== 
==25307== All heap blocks were freed -- no leaks are possible
==25307== 
==25307== For counts of detected and suppressed errors, rerun with: -v
==25307== ERROR SUMMARY: 0 errors from 0 contexts (suppressed: 0 from 0)
