==2391== Memcheck, a memory error detector
==2391== Copyright (C) 2002-2017, and GNU GPL'd, by Julian Seward et al.
==2391== Using Valgrind-3.13.0 and LibVEX; rerun with -h for copyright info
==2391== Command: /rhome/b/bsuljic1/workspace/TP/T5/Z6/.runme
==2391== Parent PID: 2334
==2391== 
==2391== 
==2391== Process terminating with default action of signal 1 (SIGHUP)
==2391==    at 0x56EF081: read (read.c:27)
==2391==    by 0x566C147: _IO_file_underflow@@GLIBC_2.2.5 (fileops.c:531)
==2391==    by 0x566D3F1: _IO_default_uflow (genops.c:380)
==2391==    by 0x512B95C: __gnu_cxx::stdio_sync_filebuf<char, std::char_traits<char> >::underflow() (in /usr/lib/x86_64-linux-gnu/libstdc++.so.6.0.25)
==2391==    by 0x51396F9: std::istream::sentry::sentry(std::istream&, bool) (in /usr/lib/x86_64-linux-gnu/libstdc++.so.6.0.25)
==2391==    by 0x513996D: std::istream::operator>>(int&) (in /usr/lib/x86_64-linux-gnu/libstdc++.so.6.0.25)
==2391==    by 0x108F53: main (main.cpp:54)
==2391== 
==2391== HEAP SUMMARY:
==2391==     in use at exit: 40 bytes in 2 blocks
==2391==   total heap usage: 4 allocs, 2 frees, 73,768 bytes allocated
==2391== 
==2391== LEAK SUMMARY:
==2391==    definitely lost: 0 bytes in 0 blocks
==2391==    indirectly lost: 0 bytes in 0 blocks
==2391==      possibly lost: 0 bytes in 0 blocks
==2391==    still reachable: 40 bytes in 2 blocks
==2391==         suppressed: 0 bytes in 0 blocks
==2391== Reachable blocks (those to which a pointer was found) are not shown.
==2391== To see them, rerun with: --leak-check=full --show-leak-kinds=all
==2391== 
==2391== For counts of detected and suppressed errors, rerun with: -v
==2391== ERROR SUMMARY: 0 errors from 0 contexts (suppressed: 0 from 0)
