==15046== Memcheck, a memory error detector
==15046== Copyright (C) 2002-2017, and GNU GPL'd, by Julian Seward et al.
==15046== Using Valgrind-3.13.0 and LibVEX; rerun with -h for copyright info
==15046== Command: /rhome/b/bsuljic1/workspace/TP/T8/Z5/.runme
==15046== Parent PID: 15031
==15046== 
==15046== 
==15046== Process terminating with default action of signal 1 (SIGHUP)
==15046==    at 0x54D7081: read (read.c:27)
==15046==    by 0x5454147: _IO_file_underflow@@GLIBC_2.2.5 (fileops.c:531)
==15046==    by 0x54553F1: _IO_default_uflow (genops.c:380)
==15046==    by 0x512B95C: __gnu_cxx::stdio_sync_filebuf<char, std::char_traits<char> >::underflow() (in /usr/lib/x86_64-linux-gnu/libstdc++.so.6.0.25)
==15046==    by 0x5139739: std::istream::sentry::sentry(std::istream&, bool) (in /usr/lib/x86_64-linux-gnu/libstdc++.so.6.0.25)
==15046==    by 0x513BCCD: std::istream& std::istream::_M_extract<double>(double&) (in /usr/lib/x86_64-linux-gnu/libstdc++.so.6.0.25)
==15046==    by 0x108A33: UnesiVektor(std::tuple<double, double, double>&) (main.cpp:11)
==15046==    by 0x108EC4: main (main.cpp:45)
==15046== 
==15046== HEAP SUMMARY:
==15046==     in use at exit: 0 bytes in 0 blocks
==15046==   total heap usage: 2 allocs, 2 frees, 73,728 bytes allocated
==15046== 
==15046== All heap blocks were freed -- no leaks are possible
==15046== 
==15046== For counts of detected and suppressed errors, rerun with: -v
==15046== ERROR SUMMARY: 0 errors from 0 contexts (suppressed: 0 from 0)
