==2049== Memcheck, a memory error detector
==2049== Copyright (C) 2002-2017, and GNU GPL'd, by Julian Seward et al.
==2049== Using Valgrind-3.13.0 and LibVEX; rerun with -h for copyright info
==2049== Command: /rhome/b/bsuljic1/workspace/TP/Z4/Z3/.runme
==2049== Parent PID: 2025
==2049== 
==2049== 
==2049== Process terminating with default action of signal 1 (SIGHUP)
==2049==    at 0x56EF081: read (read.c:27)
==2049==    by 0x566C147: _IO_file_underflow@@GLIBC_2.2.5 (fileops.c:531)
==2049==    by 0x566D3F1: _IO_default_uflow (genops.c:380)
==2049==    by 0x512B95C: __gnu_cxx::stdio_sync_filebuf<char, std::char_traits<char> >::underflow() (in /usr/lib/x86_64-linux-gnu/libstdc++.so.6.0.25)
==2049==    by 0x5139739: std::istream::sentry::sentry(std::istream&, bool) (in /usr/lib/x86_64-linux-gnu/libstdc++.so.6.0.25)
==2049==    by 0x513996D: std::istream::operator>>(int&) (in /usr/lib/x86_64-linux-gnu/libstdc++.so.6.0.25)
==2049==    by 0x10A2B5: main (main.cpp:301)
==2049== 
==2049== HEAP SUMMARY:
==2049==     in use at exit: 0 bytes in 0 blocks
==2049==   total heap usage: 2 allocs, 2 frees, 73,728 bytes allocated
==2049== 
==2049== All heap blocks were freed -- no leaks are possible
==2049== 
==2049== For counts of detected and suppressed errors, rerun with: -v
==2049== ERROR SUMMARY: 0 errors from 0 contexts (suppressed: 0 from 0)
