==9120== Memcheck, a memory error detector
==9120== Copyright (C) 2002-2017, and GNU GPL'd, by Julian Seward et al.
==9120== Using Valgrind-3.13.0 and LibVEX; rerun with -h for copyright info
==9120== Command: /rhome/b/bsuljic1/workspace/TP/Z14/Z3/.runme
==9120== Parent PID: 8593
==9120== 
==9120== Syscall param write(buf) points to uninitialised byte(s)
==9120==    at 0x56EF154: write (write.c:27)
==9120==    by 0x50F1BB5: ??? (in /usr/lib/x86_64-linux-gnu/libstdc++.so.6.0.25)
==9120==    by 0x512E2A0: std::basic_filebuf<char, std::char_traits<char> >::_M_convert_to_external(char*, long) (in /usr/lib/x86_64-linux-gnu/libstdc++.so.6.0.25)
==9120==    by 0x512E6E7: std::basic_filebuf<char, std::char_traits<char> >::overflow(int) (in /usr/lib/x86_64-linux-gnu/libstdc++.so.6.0.25)
==9120==    by 0x512E410: std::basic_filebuf<char, std::char_traits<char> >::_M_terminate_output() (in /usr/lib/x86_64-linux-gnu/libstdc++.so.6.0.25)
==9120==    by 0x51316EC: std::basic_filebuf<char, std::char_traits<char> >::close() (in /usr/lib/x86_64-linux-gnu/libstdc++.so.6.0.25)
==9120==    by 0x51335A4: std::basic_ofstream<char, std::char_traits<char> >::~basic_ofstream() (in /usr/lib/x86_64-linux-gnu/libstdc++.so.6.0.25)
==9120==    by 0x10A7D1: Liga::SacuvajStanje(std::__cxx11::basic_string<char, std::char_traits<char>, std::allocator<char> >) (main.cpp:169)
==9120==    by 0x109D9A: main (main.cpp:214)
==9120==  Address 0x5d80035 is 21 bytes inside a block of size 8,192 alloc'd
==9120==    at 0x4C3089F: operator new[](unsigned long) (in /usr/lib/valgrind/vgpreload_memcheck-amd64-linux.so)
==9120==    by 0x512E157: std::basic_filebuf<char, std::char_traits<char> >::_M_allocate_internal_buffer() (in /usr/lib/x86_64-linux-gnu/libstdc++.so.6.0.25)
==9120==    by 0x5132271: std::basic_filebuf<char, std::char_traits<char> >::open(char const*, std::_Ios_Openmode) (in /usr/lib/x86_64-linux-gnu/libstdc++.so.6.0.25)
==9120==    by 0x5133355: std::basic_ofstream<char, std::char_traits<char> >::basic_ofstream(std::__cxx11::basic_string<char, std::char_traits<char>, std::allocator<char> > const&, std::_Ios_Openmode) (in /usr/lib/x86_64-linux-gnu/libstdc++.so.6.0.25)
==9120==    by 0x10A6A8: Liga::SacuvajStanje(std::__cxx11::basic_string<char, std::char_traits<char>, std::allocator<char> >) (main.cpp:169)
==9120==    by 0x109D9A: main (main.cpp:214)
==9120== 
==9120== 
==9120== HEAP SUMMARY:
==9120==     in use at exit: 0 bytes in 0 blocks
==9120==   total heap usage: 8 allocs, 8 frees, 90,304 bytes allocated
==9120== 
==9120== All heap blocks were freed -- no leaks are possible
==9120== 
==9120== For counts of detected and suppressed errors, rerun with: -v
==9120== Use --track-origins=yes to see where uninitialised values come from
==9120== ERROR SUMMARY: 1 errors from 1 contexts (suppressed: 0 from 0)
