==7361== Memcheck, a memory error detector
==7361== Copyright (C) 2002-2017, and GNU GPL'd, by Julian Seward et al.
==7361== Using Valgrind-3.13.0 and LibVEX; rerun with -h for copyright info
==7361== Command: /rhome/b/bsuljic1/workspace/TP/ZSR1/Z2/.runme
==7361== Parent PID: 7341
==7361== 
==7361== 
==7361== Process terminating with default action of signal 15 (SIGTERM)
==7361==    at 0x54D7081: read (read.c:27)
==7361==    by 0x5454147: _IO_file_underflow@@GLIBC_2.2.5 (fileops.c:531)
==7361==    by 0x54553F1: _IO_default_uflow (genops.c:380)
==7361==    by 0x512B95C: __gnu_cxx::stdio_sync_filebuf<char, std::char_traits<char> >::underflow() (in /usr/lib/x86_64-linux-gnu/libstdc++.so.6.0.25)
==7361==    by 0x5139739: std::istream::sentry::sentry(std::istream&, bool) (in /usr/lib/x86_64-linux-gnu/libstdc++.so.6.0.25)
==7361==    by 0x513996D: std::istream::operator>>(int&) (in /usr/lib/x86_64-linux-gnu/libstdc++.so.6.0.25)
==7361==    by 0x10897D: main (main (1).cpp:9)
==7361== 
==7361== HEAP SUMMARY:
==7361==     in use at exit: 0 bytes in 0 blocks
==7361==   total heap usage: 2 allocs, 2 frees, 73,728 bytes allocated
==7361== 
==7361== All heap blocks were freed -- no leaks are possible
==7361== 
==7361== For counts of detected and suppressed errors, rerun with: -v
==7361== ERROR SUMMARY: 0 errors from 0 contexts (suppressed: 0 from 0)
