==23134== Memcheck, a memory error detector
==23134== Copyright (C) 2002-2017, and GNU GPL'd, by Julian Seward et al.
==23134== Using Valgrind-3.13.0 and LibVEX; rerun with -h for copyright info
==23134== Command: /rhome/b/bsuljic1/workspace/TP/T1/Z4/.runme
==23134== Parent PID: 23114
==23134== 
==23134== 
==23134== Process terminating with default action of signal 1 (SIGHUP)
==23134==    at 0x54D7081: read (read.c:27)
==23134==    by 0x5454147: _IO_file_underflow@@GLIBC_2.2.5 (fileops.c:531)
==23134==    by 0x54553F1: _IO_default_uflow (genops.c:380)
==23134==    by 0x512B95C: __gnu_cxx::stdio_sync_filebuf<char, std::char_traits<char> >::underflow() (in /usr/lib/x86_64-linux-gnu/libstdc++.so.6.0.25)
==23134==    by 0x5139739: std::istream::sentry::sentry(std::istream&, bool) (in /usr/lib/x86_64-linux-gnu/libstdc++.so.6.0.25)
==23134==    by 0x513BCCD: std::istream& std::istream::_M_extract<double>(double&) (in /usr/lib/x86_64-linux-gnu/libstdc++.so.6.0.25)
==23134==    by 0x108ADD: main (main.cpp:11)
==23134== 
==23134== HEAP SUMMARY:
==23134==     in use at exit: 0 bytes in 0 blocks
==23134==   total heap usage: 2 allocs, 2 frees, 73,728 bytes allocated
==23134== 
==23134== All heap blocks were freed -- no leaks are possible
==23134== 
==23134== For counts of detected and suppressed errors, rerun with: -v
==23134== ERROR SUMMARY: 0 errors from 0 contexts (suppressed: 0 from 0)
