==25997== Memcheck, a memory error detector
==25997== Copyright (C) 2002-2017, and GNU GPL'd, by Julian Seward et al.
==25997== Using Valgrind-3.13.0 and LibVEX; rerun with -h for copyright info
==25997== Command: /rhome/b/bsuljic1/workspace/TP/T2/Z3/.runme
==25997== Parent PID: 25964
==25997== 
==25997== 
==25997== Process terminating with default action of signal 1 (SIGHUP)
==25997==    at 0x56EF152: write (write.c:27)
==25997==    by 0x566A1BC: _IO_file_write@@GLIBC_2.2.5 (fileops.c:1203)
==25997==    by 0x566BF50: new_do_write (fileops.c:457)
==25997==    by 0x566BF50: _IO_do_write@@GLIBC_2.2.5 (fileops.c:433)
==25997==    by 0x566C402: _IO_file_overflow@@GLIBC_2.2.5 (fileops.c:798)
==25997==    by 0x5151999: std::ostream::put(char) (in /usr/lib/x86_64-linux-gnu/libstdc++.so.6.0.25)
==25997==    by 0x5151B9E: std::basic_ostream<char, std::char_traits<char> >& std::endl<char, std::char_traits<char> >(std::basic_ostream<char, std::char_traits<char> >&) (in /usr/lib/x86_64-linux-gnu/libstdc++.so.6.0.25)
==25997==    by 0x108C20: main (main.cpp:13)
==25997== 
==25997== HEAP SUMMARY:
==25997==     in use at exit: 0 bytes in 0 blocks
==25997==   total heap usage: 2 allocs, 2 frees, 73,728 bytes allocated
==25997== 
==25997== All heap blocks were freed -- no leaks are possible
==25997== 
==25997== For counts of detected and suppressed errors, rerun with: -v
==25997== ERROR SUMMARY: 0 errors from 0 contexts (suppressed: 0 from 0)
