==11749== Memcheck, a memory error detector
==11749== Copyright (C) 2002-2017, and GNU GPL'd, by Julian Seward et al.
==11749== Using Valgrind-3.13.0 and LibVEX; rerun with -h for copyright info
==11749== Command: /rhome/b/bsuljic1/workspace/TP/T8/Z1/.runme
==11749== Parent PID: 11732
==11749== 
==11749== 
==11749== Process terminating with default action of signal 1 (SIGHUP)
==11749==    at 0x56EF081: read (read.c:27)
==11749==    by 0x566C147: _IO_file_underflow@@GLIBC_2.2.5 (fileops.c:531)
==11749==    by 0x566D3F1: _IO_default_uflow (genops.c:380)
==11749==    by 0x512B95C: __gnu_cxx::stdio_sync_filebuf<char, std::char_traits<char> >::underflow() (in /usr/lib/x86_64-linux-gnu/libstdc++.so.6.0.25)
==11749==    by 0x5139739: std::istream::sentry::sentry(std::istream&, bool) (in /usr/lib/x86_64-linux-gnu/libstdc++.so.6.0.25)
==11749==    by 0x513996D: std::istream::operator>>(int&) (in /usr/lib/x86_64-linux-gnu/libstdc++.so.6.0.25)
==11749==    by 0x10905A: main (main.cpp:49)
==11749== 
==11749== HEAP SUMMARY:
==11749==     in use at exit: 0 bytes in 0 blocks
==11749==   total heap usage: 2 allocs, 2 frees, 73,728 bytes allocated
==11749== 
==11749== All heap blocks were freed -- no leaks are possible
==11749== 
==11749== For counts of detected and suppressed errors, rerun with: -v
==11749== ERROR SUMMARY: 0 errors from 0 contexts (suppressed: 0 from 0)
