==28410== Memcheck, a memory error detector
==28410== Copyright (C) 2002-2017, and GNU GPL'd, by Julian Seward et al.
==28410== Using Valgrind-3.13.0 and LibVEX; rerun with -h for copyright info
==28410== Command: /rhome/b/bsuljic1/workspace/TP/T5/Z1/.runme
==28410== Parent PID: 28369
==28410== 
==28410== 
==28410== Process terminating with default action of signal 15 (SIGTERM)
==28410==    at 0x54D7081: read (read.c:27)
==28410==    by 0x5454147: _IO_file_underflow@@GLIBC_2.2.5 (fileops.c:531)
==28410==    by 0x54553F1: _IO_default_uflow (genops.c:380)
==28410==    by 0x512B95C: __gnu_cxx::stdio_sync_filebuf<char, std::char_traits<char> >::underflow() (in /usr/lib/x86_64-linux-gnu/libstdc++.so.6.0.25)
==28410==    by 0x50E8A38: std::istream::getline(char*, long, char) (in /usr/lib/x86_64-linux-gnu/libstdc++.so.6.0.25)
==28410==    by 0x108A81: main (main.cpp:20)
==28410== 
==28410== HEAP SUMMARY:
==28410==     in use at exit: 0 bytes in 0 blocks
==28410==   total heap usage: 2 allocs, 2 frees, 73,728 bytes allocated
==28410== 
==28410== All heap blocks were freed -- no leaks are possible
==28410== 
==28410== For counts of detected and suppressed errors, rerun with: -v
==28410== ERROR SUMMARY: 0 errors from 0 contexts (suppressed: 0 from 0)
