==21347== Memcheck, a memory error detector
==21347== Copyright (C) 2002-2017, and GNU GPL'd, by Julian Seward et al.
==21347== Using Valgrind-3.13.0 and LibVEX; rerun with -h for copyright info
==21347== Command: /rhome/b/bsuljic1/workspace/TP/Z2/Z4/.runme
==21347== Parent PID: 21330
==21347== 
==21347== Invalid write of size 8
==21347==    at 0x109A52: StirlingoviBrojeviV2(int) (main.cpp:44)
==21347==    by 0x109CC8: main (main.cpp:72)
==21347==  Address 0x5d80488 is 0 bytes after a block of size 168 alloc'd
==21347==    at 0x4C3089F: operator new[](unsigned long) (in /usr/lib/valgrind/vgpreload_memcheck-amd64-linux.so)
==21347==    by 0x109865: StirlingoviBrojeviV2(int) (main.cpp:36)
==21347==    by 0x109CC8: main (main.cpp:72)
==21347== 
==21347== Invalid write of size 8
==21347==    at 0x1099C7: StirlingoviBrojeviV2(int) (main.cpp:43)
==21347==    by 0x109CC8: main (main.cpp:72)
==21347==  Address 0x5d804a8 is 24 bytes after a block of size 176 in arena "client"
==21347== 
==21347== Invalid read of size 8
==21347==    at 0x109D15: main (main.cpp:75)
==21347==  Address 0x5d80488 is 0 bytes after a block of size 168 alloc'd
==21347==    at 0x4C3089F: operator new[](unsigned long) (in /usr/lib/valgrind/vgpreload_memcheck-amd64-linux.so)
==21347==    by 0x109865: StirlingoviBrojeviV2(int) (main.cpp:36)
==21347==    by 0x109CC8: main (main.cpp:72)
==21347== 
==21347== 
==21347== HEAP SUMMARY:
==21347==     in use at exit: 0 bytes in 0 blocks
==21347==   total heap usage: 11 allocs, 11 frees, 74,160 bytes allocated
==21347== 
==21347== All heap blocks were freed -- no leaks are possible
==21347== 
==21347== For counts of detected and suppressed errors, rerun with: -v
==21347== ERROR SUMMARY: 10 errors from 3 contexts (suppressed: 0 from 0)
