==32551== Memcheck, a memory error detector
==32551== Copyright (C) 2002-2017, and GNU GPL'd, by Julian Seward et al.
==32551== Using Valgrind-3.13.0 and LibVEX; rerun with -h for copyright info
==32551== Command: /rhome/b/bsuljic1/workspace/TP/ZSR1/Z8/.runme
==32551== Parent PID: 32522
==32551== 
==32551== Conditional jump or move depends on uninitialised value(s)
==32551==    at 0x514603A: std::ostreambuf_iterator<char, std::char_traits<char> > std::num_put<char, std::ostreambuf_iterator<char, std::char_traits<char> > >::_M_insert_int<long>(std::ostreambuf_iterator<char, std::char_traits<char> >, std::ios_base&, char, long) const (in /usr/lib/x86_64-linux-gnu/libstdc++.so.6.0.25)
==32551==    by 0x5152384: std::ostream& std::ostream::_M_insert<long>(long) (in /usr/lib/x86_64-linux-gnu/libstdc++.so.6.0.25)
==32551==    by 0x108C06: main (main (1).cpp:27)
==32551== 
==32551== Use of uninitialised value of size 8
==32551==    at 0x5145B3E: ??? (in /usr/lib/x86_64-linux-gnu/libstdc++.so.6.0.25)
==32551==    by 0x5146063: std::ostreambuf_iterator<char, std::char_traits<char> > std::num_put<char, std::ostreambuf_iterator<char, std::char_traits<char> > >::_M_insert_int<long>(std::ostreambuf_iterator<char, std::char_traits<char> >, std::ios_base&, char, long) const (in /usr/lib/x86_64-linux-gnu/libstdc++.so.6.0.25)
==32551==    by 0x5152384: std::ostream& std::ostream::_M_insert<long>(long) (in /usr/lib/x86_64-linux-gnu/libstdc++.so.6.0.25)
==32551==    by 0x108C06: main (main (1).cpp:27)
==32551== 
==32551== Conditional jump or move depends on uninitialised value(s)
==32551==    at 0x5145B4B: ??? (in /usr/lib/x86_64-linux-gnu/libstdc++.so.6.0.25)
==32551==    by 0x5146063: std::ostreambuf_iterator<char, std::char_traits<char> > std::num_put<char, std::ostreambuf_iterator<char, std::char_traits<char> > >::_M_insert_int<long>(std::ostreambuf_iterator<char, std::char_traits<char> >, std::ios_base&, char, long) const (in /usr/lib/x86_64-linux-gnu/libstdc++.so.6.0.25)
==32551==    by 0x5152384: std::ostream& std::ostream::_M_insert<long>(long) (in /usr/lib/x86_64-linux-gnu/libstdc++.so.6.0.25)
==32551==    by 0x108C06: main (main (1).cpp:27)
==32551== 
==32551== Conditional jump or move depends on uninitialised value(s)
==32551==    at 0x5146096: std::ostreambuf_iterator<char, std::char_traits<char> > std::num_put<char, std::ostreambuf_iterator<char, std::char_traits<char> > >::_M_insert_int<long>(std::ostreambuf_iterator<char, std::char_traits<char> >, std::ios_base&, char, long) const (in /usr/lib/x86_64-linux-gnu/libstdc++.so.6.0.25)
==32551==    by 0x5152384: std::ostream& std::ostream::_M_insert<long>(long) (in /usr/lib/x86_64-linux-gnu/libstdc++.so.6.0.25)
==32551==    by 0x108C06: main (main (1).cpp:27)
==32551== 
==32551== 
==32551== HEAP SUMMARY:
==32551==     in use at exit: 0 bytes in 0 blocks
==32551==   total heap usage: 2 allocs, 2 frees, 73,728 bytes allocated
==32551== 
==32551== All heap blocks were freed -- no leaks are possible
==32551== 
==32551== For counts of detected and suppressed errors, rerun with: -v
==32551== Use --track-origins=yes to see where uninitialised values come from
==32551== ERROR SUMMARY: 4 errors from 4 contexts (suppressed: 0 from 0)
