/rhome/b/bsuljic1/workspace/TP/Z14/Z2/main.cpp: In constructor ‘Skladiste::Skladiste(int)’:
/rhome/b/bsuljic1/workspace/TP/Z14/Z2/main.cpp:73:9: warning: ‘Skladiste::max_br_el’ will be initialized after [-Wreorder]
     int max_br_el;
         ^~~~~~~~~
/rhome/b/bsuljic1/workspace/TP/Z14/Z2/main.cpp:72:9: warning:   ‘int Skladiste::br_el’ [-Wreorder]
     int br_el;
         ^~~~~
/rhome/b/bsuljic1/workspace/TP/Z14/Z2/main.cpp:75:14: warning:   when initialized here [-Wreorder]
     explicit Skladiste(int max) : max_br_el(max), br_el(0)
              ^~~~~~~~~
/rhome/b/bsuljic1/workspace/TP/Z14/Z2/main.cpp: In copy constructor ‘Skladiste::Skladiste(const Skladiste&)’:
/rhome/b/bsuljic1/workspace/TP/Z14/Z2/main.cpp:73:9: warning: ‘Skladiste::max_br_el’ will be initialized after [-Wreorder]
     int max_br_el;
         ^~~~~~~~~
/rhome/b/bsuljic1/workspace/TP/Z14/Z2/main.cpp:72:9: warning:   ‘int Skladiste::br_el’ [-Wreorder]
     int br_el;
         ^~~~~
/rhome/b/bsuljic1/workspace/TP/Z14/Z2/main.cpp:85:5: warning:   when initialized here [-Wreorder]
     Skladiste(const Skladiste &s) : max_br_el(s.max_br_el), br_el(s.br_el)
     ^~~~~~~~~
