==1206== Memcheck, a memory error detector
==1206== Copyright (C) 2002-2017, and GNU GPL'd, by Julian Seward et al.
==1206== Using Valgrind-3.13.0 and LibVEX; rerun with -h for copyright info
==1206== Command: /rhome/b/bsuljic1/workspace/TP/T13/Z1/.runme
==1206== Parent PID: 1189
==1206== 
==1206== 
==1206== Process terminating with default action of signal 15 (SIGTERM)
==1206==    at 0x5A8D081: read (read.c:27)
==1206==    by 0x5A0A147: _IO_file_underflow@@GLIBC_2.2.5 (fileops.c:531)
==1206==    by 0x5A0B3F1: _IO_default_uflow (genops.c:380)
==1206==    by 0x512B95C: __gnu_cxx::stdio_sync_filebuf<char, std::char_traits<char> >::underflow() (in /usr/lib/x86_64-linux-gnu/libstdc++.so.6.0.25)
==1206==    by 0x5139739: std::istream::sentry::sentry(std::istream&, bool) (in /usr/lib/x86_64-linux-gnu/libstdc++.so.6.0.25)
==1206==    by 0x513996D: std::istream::operator>>(int&) (in /usr/lib/x86_64-linux-gnu/libstdc++.so.6.0.25)
==1206==    by 0x109C9D: main (main.cpp:105)
==1206== 
==1206== HEAP SUMMARY:
==1206==     in use at exit: 0 bytes in 0 blocks
==1206==   total heap usage: 2 allocs, 2 frees, 73,728 bytes allocated
==1206== 
==1206== All heap blocks were freed -- no leaks are possible
==1206== 
==1206== For counts of detected and suppressed errors, rerun with: -v
==1206== ERROR SUMMARY: 0 errors from 0 contexts (suppressed: 0 from 0)
