==7497== Memcheck, a memory error detector
==7497== Copyright (C) 2002-2017, and GNU GPL'd, by Julian Seward et al.
==7497== Using Valgrind-3.13.0 and LibVEX; rerun with -h for copyright info
==7497== Command: /rhome/b/bsuljic1/workspace/TP/Z2/Z6/.runme
==7497== Parent PID: 7480
==7497== 
==7497== 
==7497== Process terminating with default action of signal 1 (SIGHUP)
==7497==    at 0x56EF081: read (read.c:27)
==7497==    by 0x566C147: _IO_file_underflow@@GLIBC_2.2.5 (fileops.c:531)
==7497==    by 0x566D3F1: _IO_default_uflow (genops.c:380)
==7497==    by 0x512B95C: __gnu_cxx::stdio_sync_filebuf<char, std::char_traits<char> >::underflow() (in /usr/lib/x86_64-linux-gnu/libstdc++.so.6.0.25)
==7497==    by 0x50E9F48: std::basic_istream<char, std::char_traits<char> >& std::getline<char, std::char_traits<char>, std::allocator<char> >(std::basic_istream<char, std::char_traits<char> >&, std::__cxx11::basic_string<char, std::char_traits<char>, std::allocator<char> >&, char) (in /usr/lib/x86_64-linux-gnu/libstdc++.so.6.0.25)
==7497==    by 0x1095D3: main (main.cpp:55)
==7497== 
==7497== HEAP SUMMARY:
==7497==     in use at exit: 199 bytes in 2 blocks
==7497==   total heap usage: 9 allocs, 7 frees, 74,022 bytes allocated
==7497== 
==7497== LEAK SUMMARY:
==7497==    definitely lost: 0 bytes in 0 blocks
==7497==    indirectly lost: 0 bytes in 0 blocks
==7497==      possibly lost: 0 bytes in 0 blocks
==7497==    still reachable: 199 bytes in 2 blocks
==7497==         suppressed: 0 bytes in 0 blocks
==7497== Reachable blocks (those to which a pointer was found) are not shown.
==7497== To see them, rerun with: --leak-check=full --show-leak-kinds=all
==7497== 
==7497== For counts of detected and suppressed errors, rerun with: -v
==7497== ERROR SUMMARY: 0 errors from 0 contexts (suppressed: 0 from 0)
