==16556== Memcheck, a memory error detector
==16556== Copyright (C) 2002-2017, and GNU GPL'd, by Julian Seward et al.
==16556== Using Valgrind-3.13.0 and LibVEX; rerun with -h for copyright info
==16556== Command: /rhome/b/bsuljic1/workspace/TP/Z2/Z1/.runme
==16556== Parent PID: 16534
==16556== 
==16556== 
==16556== Process terminating with default action of signal 15 (SIGTERM)
==16556==    at 0x54D7081: read (read.c:27)
==16556==    by 0x5454147: _IO_file_underflow@@GLIBC_2.2.5 (fileops.c:531)
==16556==    by 0x54553F1: _IO_default_uflow (genops.c:380)
==16556==    by 0x512B95C: __gnu_cxx::stdio_sync_filebuf<char, std::char_traits<char> >::underflow() (in /usr/lib/x86_64-linux-gnu/libstdc++.so.6.0.25)
==16556==    by 0x513A4A5: std::istream::peek() (in /usr/lib/x86_64-linux-gnu/libstdc++.so.6.0.25)
==16556==    by 0x108FCB: UnosKomande(Komande&, int&, KodoviGresaka&) (main.cpp:77)
==16556==    by 0x1093CD: main (main.cpp:188)
==16556== 
==16556== HEAP SUMMARY:
==16556==     in use at exit: 0 bytes in 0 blocks
==16556==   total heap usage: 2 allocs, 2 frees, 73,728 bytes allocated
==16556== 
==16556== All heap blocks were freed -- no leaks are possible
==16556== 
==16556== For counts of detected and suppressed errors, rerun with: -v
==16556== ERROR SUMMARY: 0 errors from 0 contexts (suppressed: 0 from 0)
